<?xml version="1.0" encoding="UTF-8"?>
<!-- Generated by org.testng.reporters.JUnitReportReporter -->
<testsuite hostname="Amit-Roy" failures="0" tests="1" name="com.Vtiger.Crm.EmailModuleTest.EmailModuleTest" time="23.169" errors="0" timestamp="2025-08-22T17:04:43 IST" skipped="0">
  <testcase classname="com.Vtiger.Crm.EmailModuleTest.EmailModuleTest" name="emailModuleTest" time="23.169"/>
  <system-out/>
</testsuite> <!-- com.Vtiger.Crm.EmailModuleTest.EmailModuleTest -->
