<?xml version="1.0" encoding="UTF-8"?>
<!-- Generated by org.testng.reporters.JUnitReportReporter -->
<testsuite hostname="Amit-Roy" failures="0" tests="2" name="testNG_Syllabus.ConfigurarationAnnotationTest" time="0.058" errors="0" timestamp="2025-07-25T16:22:54 IST" skipped="0">
  <testcase classname="testNG_Syllabus.ConfigurarationAnnotationTest" name="createContactTest1" time="0.016"/>
  <system-out/>
  <testcase classname="testNG_Syllabus.ConfigurarationAnnotationTest" name="createContactTest" time="0.042"/>
  <system-out/>
</testsuite> <!-- testNG_Syllabus.ConfigurarationAnnotationTest -->
