<?xml version="1.0" encoding="UTF-8"?>
<!-- Generated by org.testng.reporters.JUnitReportReporter -->
<testsuite hostname="Amit-Roy" failures="0" tests="1" name="com.Vtiger.Crm.LeadModule_Confirm.LeadModuleConfirmTest" time="12.010" errors="0" timestamp="2025-08-28T15:27:33 IST" skipped="0">
  <testcase classname="com.Vtiger.Crm.LeadModule_Confirm.LeadModuleConfirmTest" name="LeadConfirmTest" time="12.010"/>
  <system-out/>
</testsuite> <!-- com.Vtiger.Crm.LeadModule_Confirm.LeadModuleConfirmTest -->
