<?xml version="1.0" encoding="UTF-8"?>
<!-- Generated by org.testng.reporters.JUnitReportReporter -->
<testsuite hostname="Amit-Roy" failures="0" tests="1" name="testNG.PracticeTestnG" time="0.046" errors="0" timestamp="2025-07-23T17:58:15 IST" skipped="0">
  <testcase classname="testNG.PracticeTestnG" name="demo" time="0.046"/>
  <system-out/>
</testsuite> <!-- testNG.PracticeTestnG -->
