<?xml version="1.0" encoding="UTF-8"?>
<!-- Generated by org.testng.reporters.JUnitReportReporter -->
<testsuite hostname="Amit-Roy" failures="0" tests="3" name="testNG.Dp" time="0.060" errors="0" timestamp="2025-07-24T16:02:03 IST" skipped="0">
  <testcase classname="testNG.Dp" name="godTest" time="0.009"/>
  <system-out/>
  <testcase classname="testNG.Dp" name="godTest" time="0.044"/>
  <system-out/>
  <testcase classname="testNG.Dp" name="godTest" time="0.007"/>
  <system-out/>
</testsuite> <!-- testNG.Dp -->
