<?xml version="1.0" encoding="UTF-8"?>
<!-- Generated by org.testng.reporters.JUnitReportReporter -->
<testsuite hostname="Amit-Roy" failures="0" tests="2" name="com.Vtiger.Crm.LeadModule_Confirm.LeadModuleConfirmTest" time="44.543" errors="0" timestamp="2025-10-02T19:12:25 IST" skipped="0">
  <testcase classname="com.Vtiger.Crm.LeadModule_Confirm.LeadModuleConfirmTest" name="LeadConfirmTest" time="21.385"/>
  <system-out/>
  <testcase classname="com.Vtiger.Crm.LeadModule_Confirm.LeadModuleConfirmTest" name="LeadConfirmTest" time="23.158"/>
  <system-out/>
</testsuite> <!-- com.Vtiger.Crm.LeadModule_Confirm.LeadModuleConfirmTest -->
