<?xml version="1.0" encoding="UTF-8"?>
<!-- Generated by org.testng.reporters.JUnitReportReporter -->
<testsuite hostname="Amit-Roy" failures="0" tests="1" name="com.Vtiger.CreateOrganization.Login_Create_Organization_Signout_Test" time="26.006" errors="0" timestamp="2025-08-19T13:01:00 IST" skipped="0">
  <testcase classname="com.Vtiger.CreateOrganization.Login_Create_Organization_Signout_Test" name="createOrgTest" time="26.006"/>
  <system-out/>
</testsuite> <!-- com.Vtiger.CreateOrganization.Login_Create_Organization_Signout_Test -->
