<?xml version="1.0" encoding="UTF-8"?>
<!-- Generated by org.testng.reporters.JUnitReportReporter -->
<testsuite hostname="Amit-Roy" failures="0" tests="3" name="testNG.ContactTest" time="0.085" errors="0" timestamp="2025-07-24T13:00:06 IST" skipped="0">
  <testcase classname="testNG.ContactTest" name="createContactTest" time="0.053"/>
  <system-out/>
  <testcase classname="testNG.ContactTest" name="deleteContactTest" time="0.020"/>
  <system-out/>
  <testcase classname="testNG.ContactTest" name="modifyContactTest" time="0.012"/>
  <system-out/>
</testsuite> <!-- testNG.ContactTest -->
