<?xml version="1.0" encoding="UTF-8"?>
<!-- Generated by org.testng.reporters.JUnitReportReporter -->
<testsuite hostname="Amit-Roy" failures="0" tests="2" name="com.crm.contacttest.CreateContactTest" time="0.056" errors="0" timestamp="2025-07-30T19:03:02 IST" skipped="0">
  <testcase classname="com.crm.contacttest.CreateContactTest" name="createContact" time="0.043"/>
  <system-out/>
  <testcase classname="com.crm.contacttest.CreateContactTest" name="createContactWithDate" time="0.013"/>
  <system-out/>
</testsuite> <!-- com.crm.contacttest.CreateContactTest -->
