<?xml version="1.0" encoding="UTF-8"?>
<!-- Generated by org.testng.reporters.JUnitReportReporter -->
<testsuite hostname="Amit-Roy" failures="0" tests="1" name="com.Vtiger.Crm.LeadModule.LeadModuleTest" time="42.142" errors="0" timestamp="2025-08-28T18:08:19 IST" skipped="0">
  <testcase classname="com.Vtiger.Crm.LeadModule.LeadModuleTest" name="leadTest" time="42.142"/>
  <system-out/>
</testsuite> <!-- com.Vtiger.Crm.LeadModule.LeadModuleTest -->
