<?xml version="1.0" encoding="UTF-8"?>
<!-- Generated by org.testng.reporters.JUnitReportReporter -->
<testsuite hostname="Amit-Roy" failures="0" tests="2" name="testNG.DataProviderAnnotationTest" time="0.050" errors="0" timestamp="2025-07-24T16:26:45 IST" skipped="0">
  <testcase classname="testNG.DataProviderAnnotationTest" name="employeeTest" time="0.007"/>
  <system-out/>
  <testcase classname="testNG.DataProviderAnnotationTest" name="employeeTest" time="0.043"/>
  <system-out/>
</testsuite> <!-- testNG.DataProviderAnnotationTest -->
