<?xml version="1.0" encoding="UTF-8"?>
<!-- Generated by org.testng.reporters.JUnitReportReporter -->
<testsuite hostname="Amit-Roy" failures="0" tests="2" name="configurationAnnotation.Practical_TestNG.Xyz" time="0.101" errors="0" timestamp="2025-07-26T01:57:42 IST" skipped="0">
  <testcase classname="configurationAnnotation.Practical_TestNG.Xyz" name="Demo1" time="0.051"/>
  <system-out/>
  <testcase classname="configurationAnnotation.Practical_TestNG.Xyz" name="Demo" time="0.050"/>
  <system-out/>
</testsuite> <!-- configurationAnnotation.Practical_TestNG.Xyz -->
