<?xml version="1.0" encoding="UTF-8"?>
<!-- Generated by org.testng.reporters.JUnitReportReporter -->
<testsuite hostname="Amit-Roy" failures="0" tests="2" name="com.Practical_TestNG_Annotation.CreateContactTest" time="0.066" errors="0" timestamp="2025-07-25T16:06:30 IST" skipped="0">
  <testcase classname="com.Practical_TestNG_Annotation.CreateContactTest" name="createContactTest1" time="0.017"/>
  <system-out/>
  <testcase classname="com.Practical_TestNG_Annotation.CreateContactTest" name="createContactTest" time="0.049"/>
  <system-out/>
</testsuite> <!-- com.Practical_TestNG_Annotation.CreateContactTest -->
