<?xml version="1.0" encoding="UTF-8"?>
<!-- Generated by org.testng.reporters.JUnitReportReporter -->
<testsuite hostname="Amit-Roy" failures="0" tests="1" name="com.Vtiger.Crm.LeadModule.LeadModuleTest" time="60.638" errors="0" timestamp="2025-10-02T19:12:25 IST" skipped="0">
  <testcase classname="com.Vtiger.Crm.LeadModule.LeadModuleTest" name="leadTest" time="60.638"/>
  <system-out/>
</testsuite> <!-- com.Vtiger.Crm.LeadModule.LeadModuleTest -->
