<?xml version="1.0" encoding="UTF-8"?>
<!-- Generated by org.testng.reporters.JUnitReportReporter -->
<testsuite hostname="Amit-Roy" failures="0" tests="1" name="com.Vtiger.Crm.TroubleTickets.TroubleTicketsTest" time="41.872" errors="0" timestamp="2025-09-03T11:36:11 IST" skipped="0">
  <testcase classname="com.Vtiger.Crm.TroubleTickets.TroubleTicketsTest" name="troubleTicketsTest" time="41.872"/>
  <system-out/>
</testsuite> <!-- com.Vtiger.Crm.TroubleTickets.TroubleTicketsTest -->
