<?xml version="1.0" encoding="UTF-8"?>
<!-- Generated by org.testng.reporters.JUnitReportReporter -->
<testsuite hostname="Amit-Roy" failures="0" tests="11" name="testNG.InvocationCount" time="0.150" errors="0" timestamp="2025-07-24T15:00:37 IST" skipped="1">
  <testcase classname="testNG.InvocationCount" name="createOrderTest" time="0.021"/>
  <system-out/>
  <testcase classname="testNG.InvocationCount" name="createOrderTest" time="0.008"/>
  <system-out/>
  <testcase classname="testNG.InvocationCount" name="createOrderTest" time="0.008"/>
  <system-out/>
  <testcase classname="testNG.InvocationCount" name="createOrderTest" time="0.011"/>
  <system-out/>
  <testcase classname="testNG.InvocationCount" name="createOrderTest" time="0.011"/>
  <system-out/>
  <testcase classname="testNG.InvocationCount" name="createOrderTest" time="0.007"/>
  <system-out/>
  <testcase classname="testNG.InvocationCount" name="createOrderTest" time="0.013"/>
  <system-out/>
  <testcase classname="testNG.InvocationCount" name="createOrderTest" time="0.010"/>
  <system-out/>
  <testcase classname="testNG.InvocationCount" name="createOrderTest" time="0.052"/>
  <system-out/>
  <testcase classname="testNG.InvocationCount" name="createOrderTest" time="0.009"/>
  <system-out/>
  <testcase classname="testNG.InvocationCount" name="billingOrderTest">
    <skipped/>
  </testcase> <!-- billingOrderTest -->
  <system-out/>
</testsuite> <!-- testNG.InvocationCount -->
