<?xml version="1.0" encoding="UTF-8"?>
<!-- Generated by org.testng.reporters.JUnitXMLReporter -->
<testsuite ignored="2" hostname="AmitRoy" failures="0" tests="2" name="test-runner1-chrome" time="124.873" errors="0" timestamp="2025-10-18T18:15:32 IST">
  <testcase classname="com.Vtiger.Crm.LeadModule.LeadModuleTest" name="leadTest" time="62.995"/>
  <testcase classname="com.Vtiger.Crm.LeadModule_Confirm.LeadModuleConfirmTest" name="LeadConfirmTest" time="7.703"/>
  <testcase classname="com.tyss.crm.GenaricUtility.BaseClass" name="@AfterSuite afterSuit" time="0.0">
    <ignored/>
  </testcase> <!-- @AfterSuite afterSuit -->
  <testcase classname="com.tyss.crm.GenaricUtility.BaseClass" name="@BeforeSuite beforeSuit" time="0.0">
    <ignored/>
  </testcase> <!-- @BeforeSuite beforeSuit -->
</testsuite> <!-- test-runner1-chrome -->
