<?xml version="1.0" encoding="UTF-8"?>
<!-- Generated by org.testng.reporters.JUnitReportReporter -->
<testsuite hostname="Amit-Roy" failures="0" tests="3" name="testNG.HowToSetDependsOnMethod" time="0.079" errors="0" timestamp="2025-07-24T13:06:48 IST" skipped="0">
  <testcase classname="testNG.HowToSetDependsOnMethod" name="deleteContactTest" time="0.009"/>
  <system-out/>
  <testcase classname="testNG.HowToSetDependsOnMethod" name="createContactTtest" time="0.057"/>
  <system-out/>
  <testcase classname="testNG.HowToSetDependsOnMethod" name="modifyContact" time="0.013"/>
  <system-out/>
</testsuite> <!-- testNG.HowToSetDependsOnMethod -->
