<?xml version="1.0" encoding="UTF-8"?>
<!-- Generated by org.testng.reporters.JUnitReportReporter -->
<testsuite hostname="Amit-Roy" failures="0" tests="2" name="com.Vtiger.Crm.TroubleTickets.TroubleTicketsTest" time="49.591" errors="0" timestamp="2025-09-29T15:02:41 IST" skipped="0">
  <testcase classname="com.Vtiger.Crm.TroubleTickets.TroubleTicketsTest" name="confirmTroubleTickets" time="6.568"/>
  <system-out/>
  <testcase classname="com.Vtiger.Crm.TroubleTickets.TroubleTicketsTest" name="troubleTicketsTest" time="43.023"/>
  <system-out/>
</testsuite> <!-- com.Vtiger.Crm.TroubleTickets.TroubleTicketsTest -->
