<?xml version="1.0" encoding="UTF-8"?>
<!-- Generated by org.testng.reporters.JUnitReportReporter -->
<testsuite hostname="AmitRoy" failures="0" tests="2" name="com.Vtiger.Crm.LeadModule_Confirm.LeadModuleConfirmTest" time="64.083" errors="0" timestamp="2025-10-18T18:15:33 IST" skipped="0">
  <testcase classname="com.Vtiger.Crm.LeadModule_Confirm.LeadModuleConfirmTest" name="LeadConfirmTest" time="24.865"/>
  <system-out/>
  <testcase classname="com.Vtiger.Crm.LeadModule_Confirm.LeadModuleConfirmTest" name="LeadConfirmTest" time="39.218"/>
  <system-out/>
</testsuite> <!-- com.Vtiger.Crm.LeadModule_Confirm.LeadModuleConfirmTest -->
