<?xml version="1.0" encoding="UTF-8"?>
<!-- Generated by org.testng.reporters.JUnitReportReporter -->
<testsuite hostname="AmitRoy" failures="0" tests="2" name="com.Vtiger.Crm.LeadModule.LeadModuleTest" time="142.686" errors="0" timestamp="2025-10-18T18:15:33 IST" skipped="0">
  <testcase classname="com.Vtiger.Crm.LeadModule.LeadModuleTest" name="leadTest" time="76.201"/>
  <system-out/>
  <testcase classname="com.Vtiger.Crm.LeadModule.LeadModuleTest" name="leadTest" time="66.485"/>
  <system-out/>
</testsuite> <!-- com.Vtiger.Crm.LeadModule.LeadModuleTest -->
