<?xml version="1.0" encoding="UTF-8"?>
<!-- Generated by org.testng.reporters.JUnitReportReporter -->
<testsuite hostname="Amit-Roy" failures="0" tests="2" name="testNG.DependsOnMethod" time="0.074" errors="0" timestamp="2025-07-24T14:57:17 IST" skipped="0">
  <testcase classname="testNG.DependsOnMethod" name="createContactTtest" time="0.062"/>
  <system-out/>
  <testcase classname="testNG.DependsOnMethod" name="modifyContact" time="0.012"/>
  <system-out/>
</testsuite> <!-- testNG.DependsOnMethod -->
