<?xml version="1.0" encoding="UTF-8"?>
<!-- Generated by org.testng.reporters.JUnitReportReporter -->
<testsuite hostname="Amit-Roy" failures="0" tests="1" name="testNG.SearchProduct" time="54.584" errors="0" timestamp="2025-07-25T11:38:57 IST" skipped="0">
  <testcase classname="testNG.SearchProduct" name="getProductDetails" time="54.584"/>
  <system-out/>
</testsuite> <!-- testNG.SearchProduct -->
