<?xml version="1.0" encoding="UTF-8"?>
<!-- Generated by org.testng.reporters.JUnitReportReporter -->
<testsuite hostname="Amit-Roy" failures="0" tests="1" name="screenShotScript.SimpleTestForScreenshot" time="18.101" errors="0" timestamp="2025-08-05T13:11:48 IST" skipped="0">
  <testcase classname="screenShotScript.SimpleTestForScreenshot" name="simpleScreenshotTest" time="18.101"/>
  <system-out/>
</testsuite> <!-- screenShotScript.SimpleTestForScreenshot -->
