<?xml version="1.0" encoding="UTF-8"?>
<!-- Generated by org.testng.reporters.JUnitReportReporter -->
<testsuite hostname="Amit-Roy" failures="0" tests="2" name="com.crm.orgtest.CreateOrgTest" time="0.127" errors="0" timestamp="2025-07-30T16:27:34 IST" skipped="0">
  <testcase classname="com.crm.orgtest.CreateOrgTest" name="createOrgTest" time="0.100"/>
  <system-out/>
  <testcase classname="com.crm.orgtest.CreateOrgTest" name="createOrgWithIndustry" time="0.027"/>
  <system-out/>
</testsuite> <!-- com.crm.orgtest.CreateOrgTest -->
