<?xml version="1.0" encoding="UTF-8"?>
<!-- Generated by org.testng.reporters.JUnitReportReporter -->
<testsuite hostname="Amit-Roy" failures="0" tests="2" name="configurationAnnotation.Practical_TestNG.CreateContactTest" time="0.059" errors="0" timestamp="2025-07-25T16:18:59 IST" skipped="0">
  <testcase classname="configurationAnnotation.Practical_TestNG.CreateContactTest" name="createContactTest1" time="0.018"/>
  <system-out/>
  <testcase classname="configurationAnnotation.Practical_TestNG.CreateContactTest" name="createContactTest" time="0.041"/>
  <system-out/>
</testsuite> <!-- configurationAnnotation.Practical_TestNG.CreateContactTest -->
