<?xml version="1.0" encoding="UTF-8"?>
<!-- Generated by org.testng.reporters.JUnitReportReporter -->
<testsuite hostname="Amit-Roy" failures="0" tests="3" name="testNG.Priority" time="0.069" errors="0" timestamp="2025-07-24T13:08:45 IST" skipped="0">
  <testcase classname="testNG.Priority" name="createContactTest" time="0.046"/>
  <system-out/>
  <testcase classname="testNG.Priority" name="modifyContactTest" time="0.009"/>
  <system-out/>
  <testcase classname="testNG.Priority" name="deleteContactTest" time="0.014"/>
  <system-out/>
</testsuite> <!-- testNG.Priority -->
