<?xml version="1.0" encoding="UTF-8"?>
<!-- Generated by org.testng.reporters.JUnitReportReporter -->
<testsuite hostname="Amit-Roy" failures="0" tests="7" name="listenerImplementation.ListenerTest" time="13.487" errors="0" timestamp="2025-08-06T18:01:10 IST" skipped="0">
  <testcase classname="listenerImplementation.ListenerTest" name="onFinish" time="13.331"/>
  <system-out/>
  <testcase classname="listenerImplementation.ListenerTest" name="onTestSkipped" time="0.011"/>
  <system-out/>
  <testcase classname="listenerImplementation.ListenerTest" name="onTestStart" time="0.013"/>
  <system-out/>
  <testcase classname="listenerImplementation.ListenerTest" name="onTestFailure" time="0.008"/>
  <system-out/>
  <testcase classname="listenerImplementation.ListenerTest" name="onStart" time="0.026"/>
  <system-out/>
  <testcase classname="listenerImplementation.ListenerTest" name="onTestSuccess" time="0.047"/>
  <system-out/>
  <testcase classname="listenerImplementation.ListenerTest" name="onTestFailedButWithinSuccessPercentage" time="0.051"/>
  <system-out/>
</testsuite> <!-- listenerImplementation.ListenerTest -->
